Arguments: 
  /usr/local/bin/node /opt/yarn-v1.22.5/bin/yarn.js add --dev @rollup/plugin-commonjs: ^21.0.0

PATH: 
  /nix/store/z1hjqiay75vwp8y0wvk28y8rvdg837vb-pid1-0.0.0-0f9d7f3/bin:/nix/store/1d14fcwp2z64wmmr5jpfa1m5zay0n9fq-silver-searcher-2.2.0/bin:/nix/store/fgbzvd4c6nly9m4dpczrxybdpkm8mnk3-bash-interactive-4.4-p23/bin:/nix/store/0vkw1m51q34dr64z5i87dy99an4hfmyg-coreutils-8.32/bin:/nix/store/ng35kcfzm03fdmp97nc2dxi63jv41sca-vscode-cpptools-dap-1.3.1/bin:/nix/store/n578yqf36hxxs6nhcwq35gkqhv2b00cl-replit-python-dap-wrapper-1.0.0/bin:/nix/store/yzr5fybypw977fxnqj3gsp3gznh1lbm2-fluxbox/bin:/nix/store/yajjhyqf4qc1jk0vp5hafz70wmii66dx-prybar-nodejs-0.0.0-4a42408/bin:/nix/store/7bf2l1b07vj9m9p1fn4g64h5sba2i9ls-pulseaudio-14.2/bin:/nix/store/8cpkwghsa1crf84x7155pnsx5xjqyzsz-rfbproxy-0.0.0-b81eb2f/bin:/nix/store/fy1vhp96i11ng6mwbr0l5apj68c64lgr-tigervnc-1.11.0/bin:/nix/store/mjbrcsjhn4smd1jdl4nkywpvzdyfcd14-upm-0.0.0-98447b2/bin:/nix/store/3hny06xvqvc4irdnknk732a2km9b93rq-xwininfo-1.1.4/bin:/home/runner/bin:/usr/local/sbin:/usr/local/bin:/usr/sbin:/usr/bin:/sbin:/bin

Yarn version: 
  1.22.5

Node version: 
  12.22.6

Platform: 
  linux x64

Trace: 
  Error: https://registry.yarnpkg.com/@rollup%2fplugin-commonjs:%20%5E21.0.0: Not found
      at Request.params.callback [as _callback] (/opt/yarn-v1.22.5/lib/cli.js:66988:18)
      at Request.self.callback (/opt/yarn-v1.22.5/lib/cli.js:140749:22)
      at Request.emit (events.js:314:20)
      at Request.<anonymous> (/opt/yarn-v1.22.5/lib/cli.js:141721:10)
      at Request.emit (events.js:314:20)
      at IncomingMessage.<anonymous> (/opt/yarn-v1.22.5/lib/cli.js:141643:12)
      at Object.onceWrapper (events.js:420:28)
      at IncomingMessage.emit (events.js:326:22)
      at endReadableNT (_stream_readable.js:1241:12)
      at processTicksAndRejections (internal/process/task_queues.js:84:21)

npm manifest: 
  {
    "name": "chessops",
    "version": "0.10.1",
    "description": "Chess and chess variant rules and operations",
    "keywords": [
      "chess",
      "lichess",
      "fen",
      "pgn",
      "uci",
      "typescript"
    ],
    "repository": "https://github.com/niklasf/chessops",
    "author": "Niklas Fiekas <niklas.fiekas@backscattering.de>",
    "funding": "https://github.com/sponsors/niklasf",
    "license": "GPL-3.0-or-later",
    "module": "index.js",
    "types": "index.d.ts",
    "type": "module",
    "sideEffects": false,
    "dependencies": {
      "@badrap/result": "^0.2"
    },
    "devDependencies": {
      "@types/jest": "^27",
      "@typescript-eslint/eslint-plugin": "^4",
      "@typescript-eslint/parser": "^4",
      "eslint": "^7",
      "jest": "^27",
      "prettier": "^2",
      "ts-jest": "^27",
      "typedoc": "^0.22",
      "typescript": "^4"
    },
    "scripts": {
      "test": "jest",
      "compile": "tsc",
      "prepare": "tsc",
      "doc": "typedoc src/types.ts src/attacks.ts src/util.ts src/squareSet.ts src/board.ts src/setup.ts src/chess.ts src/compat.ts src/debug.ts src/fen.ts src/hash.ts src/san.ts src/transform.ts src/variant.ts",
      "lint": "eslint src/*.ts",
      "format": "prettier --write .",
      "check-format": "prettier --check ."
    },
    "files": [
      "attacks.js",
      "board.js",
      "chess.js",
      "compat.js",
      "variant.js",
      "transform.js",
      "setup.js",
      "squareSet.js",
      "types.js",
      "util.js",
      "debug.js",
      "fen.js",
      "san.js",
      "hash.js",
      "index.js",
      "attacks.d.ts",
      "board.d.ts",
      "chess.d.ts",
      "compat.d.ts",
      "variant.d.ts",
      "transform.d.ts",
      "setup.d.ts",
      "squareSet.d.ts",
      "types.d.ts",
      "util.d.ts",
      "debug.d.ts",
      "fen.d.ts",
      "san.d.ts",
      "hash.d.ts",
      "index.d.ts",
      "attacks.js.map",
      "board.js.map",
      "chess.js.map",
      "compat.js.map",
      "variant.js.map",
      "transform.js.map",
      "setup.js.map",
      "squareSet.js.map",
      "types.js.map",
      "util.js.map",
      "debug.js.map",
      "fen.js.map",
      "san.js.map",
      "hash.js.map",
      "index.js.map",
      "src/attacks.ts",
      "src/board.ts",
      "src/chess.ts",
      "src/compat.ts",
      "src/variant.ts",
      "src/transform.ts",
      "src/setup.ts",
      "src/squareSet.ts",
      "src/types.ts",
      "src/util.ts",
      "src/debug.ts",
      "src/fen.ts",
      "src/san.ts",
      "src/hash.ts",
      "src/index.ts"
    ],
    "jest": {
      "transform": {
        "\\.ts$": "ts-jest"
      }
    }
  }

yarn manifest: 
  No manifest

Lockfile: 
  No lockfile
